Android-Eclipse/PhoneSafe/MobileSafe13_12下午/proguard/seeds.txt
com.itheima.mobilesafe13.R$anim: int cycle_7
com.itheima.mobilesafe13.R$anim: int dialog_enter
com.itheima.mobilesafe13.R$anim: int dialog_exit
com.itheima.mobilesafe13.R$anim: int locked_translate
com.itheima.mobilesafe13.R$anim: int next_enter_anim
com.itheima.mobilesafe13.R$anim: int next_exit_anim
com.itheima.mobilesafe13.R$anim: int prev_enter_anim
com.itheima.mobilesafe13.R$anim: int prev_exit_anim
com.itheima.mobilesafe13.R$anim: int shake
com.itheima.mobilesafe13.R$anim: int unlocked_translate
com.itheima.mobilesafe13.R$attr: int arcProgressStyle
com.itheima.mobilesafe13.R$attr: int arc_angle
com.itheima.mobilesafe13.R$attr: int arc_bottom_text
com.itheima.mobilesafe13.R$attr: int arc_bottom_text_size
com.itheima.mobilesafe13.R$attr: int arc_finished_color
com.itheima.mobilesafe13.R$attr: int arc_max
com.itheima.mobilesafe13.R$attr: int arc_progress
com.itheima.mobilesafe13.R$attr: int arc_stroke_width
com.itheima.mobilesafe13.R$attr: int arc_suffix_text
com.itheima.mobilesafe13.R$attr: int arc_suffix_text_padding
com.itheima.mobilesafe13.R$attr: int arc_suffix_text_size
com.itheima.mobilesafe13.R$attr: int arc_text_color
com.itheima.mobilesafe13.R$attr: int arc_text_size
com.itheima.mobilesafe13.R$attr: int arc_unfinished_color
com.itheima.mobilesafe13.R$attr: int bgselector
com.itheima.mobilesafe13.R$attr: int circleProgressStyle
com.itheima.mobilesafe13.R$attr: int circle_finished_color
com.itheima.mobilesafe13.R$attr: int circle_max
com.itheima.mobilesafe13.R$attr: int circle_prefix_text
com.itheima.mobilesafe13.R$attr: int circle_progress
com.itheima.mobilesafe13.R$attr: int circle_suffix_text
com.itheima.mobilesafe13.R$attr: int circle_text_color
com.itheima.mobilesafe13.R$attr: int circle_text_size
com.itheima.mobilesafe13.R$attr: int circle_unfinished_color
com.itheima.mobilesafe13.R$attr: int desc
com.itheima.mobilesafe13.R$attr: int donutProgressStyle
com.itheima.mobilesafe13.R$attr: int donut_background_color
com.itheima.mobilesafe13.R$color: int black
com.itheima.mobilesafe13.R$color: int blue
com.itheima.mobilesafe13.R$color: int button_normal_font_color
com.itheima.mobilesafe13.R$color: int button_pressed_font_color
com.itheima.mobilesafe13.R$color: int bwlist_bgcolor
com.itheima.mobilesafe13.R$color: int colorBackground
com.itheima.mobilesafe13.R$color: int dark_bg
com.itheima.mobilesafe13.R$color: int dark_text_color
com.itheima.mobilesafe13.R$color: int date_text_color
com.itheima.mobilesafe13.R$color: int desk_sm_body
com.itheima.mobilesafe13.R$color: int desk_sm_bottom
com.itheima.mobilesafe13.R$color: int firewall_mode
com.itheima.mobilesafe13.R$color: int function_greenbutton_textcolor_selector
com.itheima.mobilesafe13.R$color: int guide_checkcolor
com.itheima.mobilesafe13.R$color: int half_tou_ming
com.itheima.mobilesafe13.R$color: int import_list_item_blacklist
com.itheima.mobilesafe13.R$color: int import_list_item_defalt
com.itheima.mobilesafe13.R$color: int import_list_item_friend
com.itheima.mobilesafe13.R$color: int kn_dialog_bg_color
com.itheima.mobilesafe13.R$color: int kn_litem_info
com.itheima.mobilesafe13.R$color: int kn_litem_title
com.itheima.mobilesafe13.R$color: int kn_notice_color
com.itheima.mobilesafe13.R$color: int kn_security_caution
com.itheima.mobilesafe13.R$color: int kn_security_malware
com.itheima.mobilesafe13.R$color: int kn_security_sofety
com.itheima.mobilesafe13.R$color: int kn_security_trojan
com.itheima.mobilesafe13.R$color: int light_bg
com.itheima.mobilesafe13.R$dimen: int activity_horizontal_margin
com.itheima.mobilesafe13.R$dimen: int activity_vertical_margin
...
com.startapp.android.publish.b$a
com.startapp.android.publish.b$a: com.startapp.android.publish.b$a a
com.startapp.android.publish.b$a: com.startapp.android.publish.b$a b
com.startapp.android.publish.b$a: com.startapp.android.publish.b$a c
com.startapp.android.publish.b$a: com.startapp.android.publish.b$a d
com.startapp.android.publish.b$a: com.startapp.android.publish.b$a[] e
com.startapp.android.publish.b$a: com.startapp.android.publish.b$a[] values()
com.startapp.android.publish.b$a: com.startapp.android.publish.b$a valueOf(java.lang.String)
com.startapp.android.publish.b$a: b$a(java.lang.String,int)
com.startapp.android.publish.b$a: void <clinit>()
com.startapp.android.publish.b.a
com.startapp.android.publish.b.a: a()
com.startapp.android.publish.b.b
com.startapp.android.publish.b.b: android.content.Intent a
com.startapp.android.publish.b.b: android.app.Activity b
com.startapp.android.publish.b.b: boolean[] c
com.startapp.android.publish.b.b: java.lang.String d
com.startapp.android.publish.b.b: java.lang.String[] e
com.startapp.android.publish.b.b: java.lang.String f
com.startapp.android.publish.b.b: com.startapp.android.publish.model.AdPreferences$Placement g
com.startapp.android.publish.b.b: boolean h
com.startapp.android.publish.b.b: com.startapp.android.publish.adinformation.b i
com.startapp.android.publish.b.b: int j
com.startapp.android.publish.b.b: b()
com.startapp.android.publish.b.b: com.startapp.android.publish.b.b a(android.app.Activity,android.content.Intent,com.startapp.android.publish.model.AdPreferences$Placement)
com.startapp.android.publish.b.b: void a(android.content.Intent)
com.startapp.android.publish.b.b: void a(com.startapp.android.publish.model.AdPreferences$Placement)
com.startapp.android.publish.b.b: void a(boolean)
com.startapp.android.publish.b.b: void a(int)
com.startapp.android.publish.b.b: android.content.Intent a()
com.startapp.android.publish.b.b: void a(android.app.Activity)
com.startapp.android.publish.b.b: void a(com.startapp.android.publish.adinformation.b)
com.startapp.android.publish.b.b: android.app.Activity b()
com.startapp.android.publish.b.b: void a(java.lang.String)
com.startapp.android.publish.b.b: void a(java.lang.String[])
com.startapp.android.publish.b.b$1
com.startapp.android.publish.b.b$1: int[] a
com.startapp.android.publish.b.b$1: void <clinit>()
com.startapp.android.publish.b.c
com.startapp.android.publish.b.c: int e
com.startapp.android.publish.b.c: android.webkit.WebView a
com.startapp.android.publish.b.c: com.startapp.android.publish.b.c$a f
com.startapp.android.publish.b.c: com.startapp.android.publish.adinformation.a b
com.startapp.android.publish.b.c: android.content.BroadcastReceiver c
com.startapp.android.publish.b.c: java.lang.Runnable d
com.startapp.android.publish.b.c: c()
com.startapp.android.publish.b.c: void a(android.os.Bundle)
com.startapp.android.publish.b.c: void j()
com.startapp.android.publish.b.c: void k()
com.startapp.android.publish.b.c: boolean a(int,android.view.KeyEvent)
com.startapp.android.publish.b.c: void a(android.webkit.WebView)
com.startapp.android.publish.b.c: void b(android.webkit.WebView)
com.startapp.android.publish.b.c: void a(android.widget.RelativeLayout)
com.startapp.android.publish.b.c: void n()
com.startapp.android.publish.b.c: void l()
com.startapp.android.publish.b.c: void a(java.lang.String)
com.startapp.android.publish.b.c: void b(java.lang.String)
com.startapp.android.publish.b.c: void m()
com.startapp.android.publish.b.c: void a(com.startapp.android.publish.b.c,java.lang.String)
com.startapp.android.publish.b.c: void b(com.startapp.android.publish.b.c,java.lang.String)
com.startapp.android.publish.b.c$1
com.startapp.android.publish.b.c$1: com.startapp.android.publish.b.c a
com.startapp.android.publish.b.c$1: c$1(com.startapp.android.publish.b.c)
com.startapp.android.publish.b.c$1: void onReceive(android.content.Context,android.content.Intent)