Android-Eclipse/PhoneSafe/MobileSafe13_12下午/proguard/mapping.txt
com.itheima.mobilesafe13.activity.AToolActivity -> com.itheima.mobilesafe13.activity.AToolActivity:
    com.itheima.mobilesafe13.view.SettingCenterItem sci_phonequery -> a
    com.itheima.mobilesafe13.view.SettingCenterItem sci_servicequery -> b
    com.itheima.mobilesafe13.view.SettingCenterItem sci_smsbaike -> c
    com.itheima.mobilesafe13.view.SettingCenterItem sci_smsrestore -> d
    com.daimajia.numberprogressbar.NumberProgressBar pb_progress -> e
    com.itheima.mobilesafe13.view.SettingCenterItem sci_applock -> f
    com.itheima.mobilesafe13.view.SettingCenterItem sci_dogaccessibility -> g
    com.itheima.mobilesafe13.view.SettingCenterItem sci_dogthread -> h
    29:36:void onCreate(android.os.Bundle) -> onCreate
    40:47:void initData() -> c
    51:111:void initEvent() -> d
    115:119:void smsRestore() -> a
    123:158:void smsBaike() -> b
    162:176:void initView() -> e
    21:21:com.daimajia.numberprogressbar.NumberProgressBar access$0(com.itheima.mobilesafe13.activity.AToolActivity) -> a
com.itheima.mobilesafe13.activity.AToolActivity$1 -> com.itheima.mobilesafe13.activity.AToolActivity$1:
    com.itheima.mobilesafe13.activity.AToolActivity this$0 -> a
    55:101:void onToggleChange(android.view.View,boolean) -> a
com.itheima.mobilesafe13.activity.AToolActivity$2 -> com.itheima.mobilesafe13.activity.AToolActivity$2:
    com.itheima.mobilesafe13.activity.AToolActivity this$0 -> a
    132:134:void show() -> a
    140:141:void setProgress(int) -> a
    147:148:void setMax(int) -> b
    154:155:void dismiss() -> b
com.itheima.mobilesafe13.activity.AndroidBlackActivity -> com.itheima.mobilesafe13.activity.AndroidBlackActivity:
    android.widget.ImageView iv_add -> a
    android.widget.LinearLayout ll_loading -> b
    android.widget.ImageView iv_noData -> c
    com.itheima11.refreshlistview_lib.RefreshListView lv_showDatas -> d
    boolean misFirstShow -> e
    java.util.List mBlackBeans -> f
    android.os.Handler mHandler -> g
    com.itheima.mobilesafe13.activity.AndroidBlackActivity$MyAdapter mAdapter -> h
    com.itheima.mobilesafe13.dao.BlackDao mBlackDao -> i
    android.view.View mContentView -> j
    android.widget.PopupWindow mPW -> k
    android.view.animation.Animation mPopupAnimation -> l
    android.app.AlertDialog mAlertDialog -> m
    android.widget.EditText et_blackphone -> n
    70:79:void onCreate(android.os.Bundle) -> onCreate
    84:156:void initAddBlackDialog() -> e
    160:221:void initPopupWindow() -> f
    224:228:void friendsAdd() -> a
    233:240:void onActivityResult(int,int,android.content.Intent) -> onActivityResult
    243:247:void msmlogAdd() -> b
    250:255:void tellogAdd() -> c
    259:262:void showDialog(java.lang.String) -> a
    264:265:void shoudongAdd() -> d
    269:343:void initEvent() -> g
    491:509:void initData() -> h
    517:542:void initView() -> i
    60:60:com.itheima11.refreshlistview_lib.RefreshListView access$0(com.itheima.mobilesafe13.activity.AndroidBlackActivity) -> a
com.itheima.mobilesafe13.activity.AndroidBlackActivity$1 -> com.itheima.mobilesafe13.activity.AndroidBlackActivity$1:
    com.itheima.mobilesafe13.activity.AndroidBlackActivity this$0 -> a
    347:389:void handleMessage(android.os.Message) -> handleMessage
com.itheima.mobilesafe13.activity.AndroidBlackActivity$2 -> com.itheima.mobilesafe13.activity.AndroidBlackActivity$2:
    com.itheima.mobilesafe13.activity.AndroidBlackActivity this$0 -> a
    android.widget.CheckBox val$cb_phone -> b
    android.widget.CheckBox val$cb_sms -> c
    109:143:void onClick(android.view.View) -> onClick
com.itheima.mobilesafe13.activity.AndroidBlackActivity$3 -> com.itheima.mobilesafe13.activity.AndroidBlackActivity$3:
    com.itheima.mobilesafe13.activity.AndroidBlackActivity this$0 -> a
    149:150:void onClick(android.view.View) -> onClick
...
com.startapp.android.publish.banner.banner3d.Banner3D$SavedState -> com.startapp.android.publish.banner.banner3d.Banner3D$SavedState:
    com.startapp.android.publish.model.AdDetails[] details -> details
    float rotation -> rotation
    int firstRotation -> firstRotation
    int currentImage -> currentImage
    boolean loaded -> loaded
    boolean loading -> loading
    boolean bDefaultLoad -> bDefaultLoad
    com.startapp.android.publish.adinformation.b overrides -> overrides
    com.startapp.android.publish.banner.BannerOptions options -> options
    com.startapp.android.publish.model.AdPreferences adPreferences -> adPreferences
    boolean bIsVisible -> bIsVisible
    com.startapp.android.publish.banner.banner3d.Banner3DFace[] faces -> faces
    android.os.Parcelable$Creator CREATOR -> CREATOR
    void setCurrentImage(int) -> setCurrentImage
    int getCurrentImage() -> getCurrentImage
    void setRotation(float) -> setRotation
    float getRotation() -> getRotation
    boolean isFirstRotation() -> isFirstRotation
    void setFirstRotation(boolean) -> setFirstRotation
    void setDetails(java.util.List) -> setDetails
    java.util.List getDetails() -> getDetails
    void writeToParcel(android.os.Parcel,int) -> writeToParcel
    int describeContents() -> describeContents
com.startapp.android.publish.banner.banner3d.Banner3D$SavedState$1 -> com.startapp.android.publish.banner.banner3d.Banner3D$SavedState$1:
    com.startapp.android.publish.banner.banner3d.Banner3D$SavedState createFromParcel(android.os.Parcel) -> createFromParcel
    com.startapp.android.publish.banner.banner3d.Banner3D$SavedState[] newArray(int) -> newArray
    java.lang.Object[] newArray(int) -> newArray
    java.lang.Object createFromParcel(android.os.Parcel) -> createFromParcel
com.startapp.android.publish.banner.banner3d.Banner3DFace -> com.startapp.android.publish.banner.banner3d.Banner3DFace:
    com.startapp.android.publish.model.AdDetails a -> a
    android.graphics.Point b -> b
    android.graphics.Bitmap c -> c
    android.graphics.Bitmap d -> d
    java.lang.Boolean e -> e
    com.startapp.android.publish.banner.banner3d.a f -> f
    android.os.Parcelable$Creator CREATOR -> CREATOR
    com.startapp.android.publish.model.AdDetails a() -> a
    android.graphics.Bitmap b() -> b
    void a(android.content.Context,com.startapp.android.publish.banner.BannerOptions,android.view.ViewGroup) -> a
    void c() -> c
    android.graphics.Bitmap a(android.view.View) -> a
    void a(android.graphics.Bitmap,int) -> a
    void a(android.content.Context) -> a
    void b(android.content.Context) -> b
    void a(java.lang.String,java.lang.String,java.lang.String,android.content.Context) -> a
    int describeContents() -> describeContents
    void writeToParcel(android.os.Parcel,int) -> writeToParcel
com.startapp.android.publish.banner.banner3d.Banner3DFace$1 -> com.startapp.android.publish.banner.banner3d.Banner3DFace$1:
    com.startapp.android.publish.banner.banner3d.Banner3DFace a(android.os.Parcel) -> a
    com.startapp.android.publish.banner.banner3d.Banner3DFace[] a(int) -> a
    java.lang.Object[] newArray(int) -> newArray
    java.lang.Object createFromParcel(android.os.Parcel) -> createFromParcel
com.startapp.android.publish.banner.banner3d.Banner3DSize -> com.startapp.android.publish.banner.banner3d.Banner3DSize:
    boolean a(android.content.Context,android.view.ViewParent,com.startapp.android.publish.banner.BannerOptions) -> a
    com.startapp.android.publish.banner.a b(android.content.Context,android.view.ViewParent,com.startapp.android.publish.banner.BannerOptions) -> b