Android-Eclipse/PhoneSafe/MobileSafe13_12下午/proguard/usage.txt
com.itheima.mobilesafe13.BuildConfig
com.itheima.mobilesafe13.MyApplication
com.itheima.mobilesafe13.MyApplication$1
com.itheima.mobilesafe13.R
com.itheima.mobilesafe13.R$anim
com.itheima.mobilesafe13.R$attr
com.itheima.mobilesafe13.R$color
com.itheima.mobilesafe13.R$dimen
com.itheima.mobilesafe13.R$drawable
com.itheima.mobilesafe13.R$id
com.itheima.mobilesafe13.R$layout
com.itheima.mobilesafe13.R$menu
com.itheima.mobilesafe13.R$raw
com.itheima.mobilesafe13.R$string
com.itheima.mobilesafe13.R$style
com.itheima.mobilesafe13.R$styleable
com.itheima.mobilesafe13.R$xml
com.itheima.mobilesafe13.activity.AndroidBlackActivity:
    protected static final int LOADING
    protected static final int FINISH
    private static final int COUNTPERLOAD
com.itheima.mobilesafe13.activity.AntiVirusActivity:
    protected static final int SCANING
    protected static final int FINISH
    protected static final int STARTSCAN
com.itheima.mobilesafe13.activity.AntiVirusActivity$5:
    264:264:public void onAnimationCancel(com.nineoldandroids.animation.Animator)
com.itheima.mobilesafe13.activity.AntiVirusActivity$6:
    293:293:public void onAnimationCancel(com.nineoldandroids.animation.Animator)
com.itheima.mobilesafe13.activity.AppManagerActivity:
    protected static final int LOADING
    protected static final int FINISH
    private android.widget.TextView tv_rommem
    private android.widget.TextView tv_sdmem
    private android.widget.TextView tv_tag
    private android.widget.ProgressBar pb_progress
com.itheima.mobilesafe13.activity.BaseSmsTelFriendsActivity:
    private static final int LOADING
    protected static final int FINISH
com.itheima.mobilesafe13.activity.BlackActivity:
    protected static final int LOADING
    protected static final int FINISH
com.itheima.mobilesafe13.activity.CacheInfoActivity:
    protected static final int BEGINNING
    protected static final int SCANNING
    protected static final int FINISH
com.itheima.mobilesafe13.activity.CacheInfoActivity$1$1:
    168:190:private void clearCacheInfo(java.lang.String)
com.itheima.mobilesafe13.activity.CacheInfoActivity$1$1$1ClearCacheObserver
com.itheima.mobilesafe13.activity.ConnectivityActivity:
    protected static final int LOADING
    protected static final int FINISH
com.itheima.mobilesafe13.activity.ServiceNumberActivity:
    protected static final int LOADING
    protected static final int FINISH
com.itheima.mobilesafe13.activity.SettingCenterActivity:
    private android.widget.RelativeLayout rl_autoupdate
    private android.widget.ImageView iv_autoupdate
    private android.widget.RelativeLayout rl_blackintercept
    private android.widget.ImageView iv_blackintercept
com.itheima.mobilesafe13.activity.SplashActivity:
    private static final int LOADMAIN
    private static final int NEWVERSION
com.itheima.mobilesafe13.activity.TaskManagerActivity:
    protected static final int LOADING
    protected static final int FINISH
com.itheima.mobilesafe13.activity.WebBlackActivity:
    protected static final int LOADING
    protected static final int FINISH
    private static final int COUNTPERPAGE
com.itheima.mobilesafe13.dao.AddressDao:
    public static final java.lang.String DBPATHPHONE
    public static final java.lang.String DBPATHSERVICE
    29:29:public AddressDao()
com.itheima.mobilesafe13.dao.AntiVirusDao:
    public static final java.lang.String DBPATHVIRUS
    18:18:public AntiVirusDao()
com.itheima.mobilesafe13.dao.BlackDao:
    100:101:public void add(com.itheima.mobilesafe13.domain.BlackBean)
com.itheima.mobilesafe13.dao.ContactsDao:
    27:27:public ContactsDao()
com.itheima.mobilesafe13.db.BlackDB:
    private static final int VERSION
    public static final java.lang.String BLACKTB
    public static final java.lang.String PHONE
    public static final java.lang.String MODE
    public static final int SMS_MODE
    public static final int PHONE_MODE
    public static final int ALL_MODE
...
android.support.v4.app.ShareCompat$ShareCompatImplICS
android.support.v4.app.ShareCompat$ShareCompatImplJB
android.support.v4.app.ShareCompatICS
android.support.v4.app.ShareCompatJB
android.support.v4.app.TaskStackBuilder
android.support.v4.app.TaskStackBuilder$SupportParentable
android.support.v4.app.TaskStackBuilder$TaskStackBuilderImpl
android.support.v4.app.TaskStackBuilder$TaskStackBuilderImplBase
android.support.v4.app.TaskStackBuilder$TaskStackBuilderImplHoneycomb
android.support.v4.app.TaskStackBuilder$TaskStackBuilderImplJellybean
android.support.v4.app.TaskStackBuilderHoneycomb
android.support.v4.app.TaskStackBuilderJellybean
android.support.v4.content.AsyncTaskLoader
android.support.v4.content.AsyncTaskLoader$LoadTask
android.support.v4.content.ContextCompat
android.support.v4.content.ContextCompatFroyo
android.support.v4.content.ContextCompatHoneycomb
android.support.v4.content.ContextCompatJellybean
android.support.v4.content.ContextCompatKitKat
android.support.v4.content.CursorLoader
android.support.v4.content.FileProvider
android.support.v4.content.FileProvider$PathStrategy
android.support.v4.content.FileProvider$SimplePathStrategy
android.support.v4.content.IntentCompat
android.support.v4.content.IntentCompat$IntentCompatImpl
android.support.v4.content.IntentCompat$IntentCompatImplBase
android.support.v4.content.IntentCompat$IntentCompatImplHC
android.support.v4.content.IntentCompat$IntentCompatImplIcsMr1
android.support.v4.content.IntentCompatHoneycomb
android.support.v4.content.IntentCompatIcsMr1
android.support.v4.content.Loader:
    android.content.Context mContext
    91:93:public Loader(android.content.Context)
    103:106:public void deliverResult(java.lang.Object)
    112:112:public android.content.Context getContext()
    119:119:public int getId()
    158:158:public boolean isStarted()
    167:167:public boolean isAbandoned()
    176:176:public boolean isReset()
    218:219:public void forceLoad()
    226:226:protected void onForceLoad()
    262:264:public void abandon()
    276:276:protected void onAbandon()
    314:317:public boolean takeContentChanged()
    328:329:public void commitContentChanged()
    339:342:public void rollbackContentChanged()
    353:361:public void onContentChanged()
android.support.v4.content.Loader$ForceLoadContentObserver
android.support.v4.content.Loader$OnLoadCompleteListener:
    public abstract void onLoadComplete(android.support.v4.content.Loader,java.lang.Object)
android.support.v4.content.LocalBroadcastManager
android.support.v4.content.LocalBroadcastManager$1
android.support.v4.content.LocalBroadcastManager$BroadcastRecord
android.support.v4.content.LocalBroadcastManager$ReceiverRecord
android.support.v4.content.ModernAsyncTask
android.support.v4.content.ModernAsyncTask$1
android.support.v4.content.ModernAsyncTask$2
android.support.v4.content.ModernAsyncTask$3
android.support.v4.content.ModernAsyncTask$4
android.support.v4.content.ModernAsyncTask$AsyncTaskResult
android.support.v4.content.ModernAsyncTask$InternalHandler
android.support.v4.content.ModernAsyncTask$Status
android.support.v4.content.ModernAsyncTask$WorkerRunnable
android.support.v4.content.WakefulBroadcastReceiver
android.support.v4.content.pm.ActivityInfoCompat
android.support.v4.database.DatabaseUtilsCompat
android.support.v4.graphics.drawable.DrawableCompat
android.support.v4.graphics.drawable.DrawableCompat$BaseDrawableImpl
android.support.v4.graphics.drawable.DrawableCompat$DrawableImpl
android.support.v4.graphics.drawable.DrawableCompat$HoneycombDrawableImpl
android.support.v4.graphics.drawable.DrawableCompat$KitKatDrawableImpl
android.support.v4.graphics.drawable.DrawableCompatHoneycomb
android.support.v4.graphics.drawable.DrawableCompatKitKat
android.support.v4.hardware.display.DisplayManagerCompat
android.support.v4.hardware.display.DisplayManagerCompat$JellybeanMr1Impl
android.support.v4.hardware.display.DisplayManagerCompat$LegacyImpl